[    0.000000] Linux version 4.15.0-167-generic (buildd@lcy02-amd64-045) (gcc version 7.5.0 (Ubuntu 7.5.0-3ubuntu1~18.04)) #175-Ubuntu SMP Wed Jan 5 01:56:07 UTC 2022 (Ubuntu 4.15.0-167.175-generic 4.15.18)
[    0.000000] Command line: BOOT_IMAGE=/boot/vmlinuz-4.15.0-167-generic root=LABEL=cloudimg-rootfs ro console=tty1 console=ttyS0
[    0.000000] KERNEL supported cpus:
[    0.000000]   Intel GenuineIntel
[    0.000000]   AMD AuthenticAMD
[    0.000000]   Centaur CentaurHauls
[    0.000000] x86/fpu: Supporting XSAVE feature 0x001: 'x87 floating point registers'
[    0.000000] x86/fpu: Supporting XSAVE feature 0x002: 'SSE registers'
[    0.000000] x86/fpu: Enabled xstate features 0x3, context size is 576 bytes, using 'standard' format.
[    0.000000] e820: BIOS-provided physical RAM map:
[    0.000000] BIOS-e820: [mem 0x0000000000000000-0x000000000009fbff] usable
[    0.000000] BIOS-e820: [mem 0x000000000009fc00-0x000000000009ffff] reserved
[    0.000000] BIOS-e820: [mem 0x00000000000f0000-0x00000000000fffff] reserved
[    0.000000] BIOS-e820: [mem 0x0000000000100000-0x00000000dffeffff] usable
[    0.000000] BIOS-e820: [mem 0x00000000dfff0000-0x00000000dfffffff] ACPI data
[    0.000000] BIOS-e820: [mem 0x00000000fec00000-0x00000000fec00fff] reserved
[    0.000000] BIOS-e820: [mem 0x00000000fee00000-0x00000000fee00fff] reserved
[    0.000000] BIOS-e820: [mem 0x00000000fffc0000-0x00000000ffffffff] reserved
[    0.000000] BIOS-e820: [mem 0x0000000100000000-0x000000011fffffff] usable
[    0.000000] NX (Execute Disable) protection: active
[    0.000000] SMBIOS 2.5 present.
[    0.000000] DMI: innotek GmbH VirtualBox/VirtualBox, BIOS VirtualBox 12/01/2006
[    0.000000] Hypervisor detected: KVM
[    0.000000] e820: last_pfn = 0x120000 max_arch_pfn = 0x400000000
[    0.000000] MTRR: Disabled
[    0.000000] x86/PAT: MTRRs disabled, skipping PAT initialization too.
[    0.000000] CPU MTRRs all blank - virtualized system.
[    0.000000] x86/PAT: Configuration [0-7]: WB  WT  UC- UC  WB  WT  UC- UC  
[    0.000000] e820: last_pfn = 0xdfff0 max_arch_pfn = 0x400000000
[    0.000000] found SMP MP-table at [mem 0x0009fff0-0x0009ffff]
[    0.000000] Scanning 1 areas for low memory corruption
[    0.000000] RAMDISK: [mem 0x359cd000-0x36cddfff]
[    0.000000] ACPI: Early table checksum verification disabled
[    0.000000] ACPI: RSDP 0x00000000000E0000 000024 (v02 VBOX  )
[    0.000000] ACPI: XSDT 0x00000000DFFF0030 00003C (v01 VBOX   VBOXXSDT 00000001 ASL  00000061)
[    0.000000] ACPI: FACP 0x00000000DFFF00F0 0000F4 (v04 VBOX   VBOXFACP 00000001 ASL  00000061)
[    0.000000] ACPI: DSDT 0x00000000DFFF0480 002325 (v02 VBOX   VBOXBIOS 00000002 INTL 20190509)
[    0.000000] ACPI: FACS 0x00000000DFFF0200 000040
[    0.000000] ACPI: FACS 0x00000000DFFF0200 000040
[    0.000000] ACPI: APIC 0x00000000DFFF0240 00006C (v02 VBOX   VBOXAPIC 00000001 ASL  00000061)
[    0.000000] ACPI: SSDT 0x00000000DFFF02B0 0001CC (v01 VBOX   VBOXCPUT 00000002 INTL 20190509)
[    0.000000] ACPI: Reserving FACP table memory at [mem 0xdfff00f0-0xdfff01e3]
[    0.000000] ACPI: Reserving DSDT table memory at [mem 0xdfff0480-0xdfff27a4]
[    0.000000] ACPI: Reserving FACS table memory at [mem 0xdfff0200-0xdfff023f]
[    0.000000] ACPI: Reserving FACS table memory at [mem 0xdfff0200-0xdfff023f]
[    0.000000] ACPI: Reserving APIC table memory at [mem 0xdfff0240-0xdfff02ab]
[    0.000000] ACPI: Reserving SSDT table memory at [mem 0xdfff02b0-0xdfff047b]
[    0.000000] No NUMA configuration found
[    0.000000] Faking a node at [mem 0x0000000000000000-0x000000011fffffff]
[    0.000000] NODE_DATA(0) allocated [mem 0x11ffd1000-0x11fffbfff]
[    0.000000] kvm-clock: cpu 0, msr 1:1ff50001, primary cpu clock
[    0.000000] kvm-clock: Using msrs 4b564d01 and 4b564d00
[    0.000000] kvm-clock: using sched offset of 4079042118 cycles
[    0.000000] clocksource: kvm-clock: mask: 0xffffffffffffffff max_cycles: 0x1cd42e4dffb, max_idle_ns: 881590591483 ns
[    0.000000] Zone ranges:
[    0.000000]   DMA      [mem 0x0000000000001000-0x0000000000ffffff]
[    0.000000]   DMA32    [mem 0x0000000001000000-0x00000000ffffffff]
[    0.000000]   Normal   [mem 0x0000000100000000-0x000000011fffffff]
[    0.000000]   Device   empty
[    0.000000] Movable zone start for each node
[    0.000000] Early memory node ranges
[    0.000000]   node   0: [mem 0x0000000000001000-0x000000000009efff]
[    0.000000]   node   0: [mem 0x0000000000100000-0x00000000dffeffff]
[    0.000000]   node   0: [mem 0x0000000100000000-0x000000011fffffff]
[    0.000000] Reserved but unavailable: 104 pages
[    0.000000] Initmem setup node 0 [mem 0x0000000000001000-0x000000011fffffff]
[    0.000000] ACPI: PM-Timer IO Port: 0x4008
[    0.000000] IOAPIC[0]: apic_id 4, version 32, address 0xfec00000, GSI 0-23
[    0.000000] ACPI: INT_SRC_OVR (bus 0 bus_irq 0 global_irq 2 dfl dfl)
[    0.000000] ACPI: INT_SRC_OVR (bus 0 bus_irq 9 global_irq 9 low level)
[    0.000000] Using ACPI (MADT) for SMP configuration information
[    0.000000] smpboot: Allowing 4 CPUs, 0 hotplug CPUs
[    0.000000] PM: Registered nosave memory: [mem 0x00000000-0x00000fff]
[    0.000000] PM: Registered nosave memory: [mem 0x0009f000-0x0009ffff]
[    0.000000] PM: Registered nosave memory: [mem 0x000a0000-0x000effff]
[    0.000000] PM: Registered nosave memory: [mem 0x000f0000-0x000fffff]
[    0.000000] PM: Registered nosave memory: [mem 0xdfff0000-0xdfffffff]
[    0.000000] PM: Registered nosave memory: [mem 0xe0000000-0xfebfffff]
[    0.000000] PM: Registered nosave memory: [mem 0xfec00000-0xfec00fff]
[    0.000000] PM: Registered nosave memory: [mem 0xfec01000-0xfedfffff]
[    0.000000] PM: Registered nosave memory: [mem 0xfee00000-0xfee00fff]
[    0.000000] PM: Registered nosave memory: [mem 0xfee01000-0xfffbffff]
[    0.000000] PM: Registered nosave memory: [mem 0xfffc0000-0xffffffff]
[    0.000000] e820: [mem 0xe0000000-0xfebfffff] available for PCI devices
[    0.000000] Booting paravirtualized kernel on KVM
[    0.000000] clocksource: refined-jiffies: mask: 0xffffffff max_cycles: 0xffffffff, max_idle_ns: 7645519600211568 ns
[    0.000000] random: get_random_bytes called from start_kernel+0x99/0x500 with crng_init=0
[    0.000000] setup_percpu: NR_CPUS:8192 nr_cpumask_bits:4 nr_cpu_ids:4 nr_node_ids:1
[    0.000000] percpu: Embedded 50 pages/cpu s167936 r8192 d28672 u524288
[    0.000000] PV qspinlock hash table entries: 256 (order: 0, 4096 bytes)
[    0.000000] Built 1 zonelists, mobility grouping on.  Total pages: 1032057
[    0.000000] Policy zone: Normal
[    0.000000] Kernel command line: BOOT_IMAGE=/boot/vmlinuz-4.15.0-167-generic root=LABEL=cloudimg-rootfs ro console=tty1 console=ttyS0
[    0.000000] Memory: 4012852K/4193848K available (12300K kernel code, 2483K rwdata, 4324K rodata, 2476K init, 2724K bss, 180996K reserved, 0K cma-reserved)
[    0.000000] SLUB: HWalign=64, Order=0-3, MinObjects=0, CPUs=4, Nodes=1
[    0.000000] Kernel/User page tables isolation: enabled
[    0.000000] ftrace: allocating 39494 entries in 155 pages
[    0.004000] Hierarchical RCU implementation.
[    0.004000] 	RCU restricting CPUs from NR_CPUS=8192 to nr_cpu_ids=4.
[    0.004000] 	Tasks RCU enabled.
[    0.004000] RCU: Adjusting geometry for rcu_fanout_leaf=16, nr_cpu_ids=4
[    0.004000] NR_IRQS: 524544, nr_irqs: 456, preallocated irqs: 16
[    0.004000] Console: colour VGA+ 80x25
[    0.004000] console [tty1] enabled
[    0.004000] console [ttyS0] enabled
[    0.004000] ACPI: Core revision 20170831
[    0.004000] ACPI: 2 ACPI AML tables successfully acquired and loaded
[    0.004000] APIC: Switch to symmetric I/O mode setup
[    0.004000] x2apic enabled
[    0.004014] Switched APIC routing to physical x2apic.
[    0.008000] ..TIMER: vector=0x30 apic1=0 pin1=2 apic2=-1 pin2=-1
[    0.008004] tsc: Detected 1528.387 MHz processor
[    0.009997] Calibrating delay loop (skipped) preset value.. 3056.77 BogoMIPS (lpj=6113548)
[    0.012004] pid_max: default: 32768 minimum: 301
[    0.016050] Security Framework initialized
[    0.017862] Yama: becoming mindful.
[    0.020038] AppArmor: AppArmor initialized
[    0.025363] Dentry cache hash table entries: 524288 (order: 10, 4194304 bytes)
[    0.029382] Inode-cache hash table entries: 262144 (order: 9, 2097152 bytes)
[    0.032045] Mount-cache hash table entries: 8192 (order: 4, 65536 bytes)
[    0.034864] Mountpoint-cache hash table entries: 8192 (order: 4, 65536 bytes)
[    0.036585] Last level iTLB entries: 4KB 0, 2MB 0, 4MB 0
[    0.040003] Last level dTLB entries: 4KB 0, 2MB 0, 4MB 0, 1GB 0
[    0.044009] Spectre V1 : Mitigation: usercopy/swapgs barriers and __user pointer sanitization
[    0.048004] Spectre V2 : Mitigation: Full generic retpoline
[    0.050405] Spectre V2 : Spectre v2 / SpectreRSB mitigation: Filling RSB on context switch
[    0.052003] Speculative Store Bypass: Vulnerable
[    0.056254] Freeing SMP alternatives memory: 36K
[    0.172451] APIC calibration not consistent with PM-Timer: 102ms instead of 100ms
[    0.176000] APIC delta adjusted to PM-Timer: 6249938 (6421886)
[    0.176132] smpboot: CPU0: Intel(R) Pentium(R) Silver J5005 CPU @ 1.50GHz (family: 0x6, model: 0x7a, stepping: 0x1)
[    0.180174] Performance Events: unsupported p6 CPU model 122 no PMU driver, software events only.
[    0.184157] Hierarchical SRCU implementation.
[    0.188907] NMI watchdog: Perf event create on CPU 0 failed with -2
[    0.192010] NMI watchdog: Perf NMI watchdog permanently disabled
[    0.196063] smp: Bringing up secondary CPUs ...
[    0.199631] x86: Booting SMP configuration:
[    0.200010] .... node  #0, CPUs:      #1
[    0.004000] kvm-clock: cpu 1, msr 1:1ff50041, secondary cpu clock
[    0.208239]  #2
[    0.004000] kvm-clock: cpu 2, msr 1:1ff50081, secondary cpu clock
[    0.214232]  #3
[    0.004000] kvm-clock: cpu 3, msr 1:1ff500c1, secondary cpu clock
[    0.231319] smp: Brought up 1 node, 4 CPUs
[    0.232006] smpboot: Max logical packages: 1
[    0.234040] smpboot: Total of 4 processors activated (12227.09 BogoMIPS)
[    0.240127] devtmpfs: initialized
[    0.241672] x86/mm: Memory block size: 128MB
[    0.244490] evm: security.selinux
[    0.247238] evm: security.SMACK64
[    0.248007] evm: security.SMACK64EXEC
[    0.249935] evm: security.SMACK64TRANSMUTE
[    0.252006] evm: security.SMACK64MMAP
[    0.253927] evm: security.apparmor
[    0.256003] evm: security.ima
[    0.257385] evm: security.capability
[    0.260164] clocksource: jiffies: mask: 0xffffffff max_cycles: 0xffffffff, max_idle_ns: 7645041785100000 ns
[    0.264027] futex hash table entries: 1024 (order: 4, 65536 bytes)
[    0.266822] pinctrl core: initialized pinctrl subsystem
[    0.268188] RTC time: 22:34:57, date: 02/06/22
[    0.285005] NET: Registered protocol family 16
[    0.288000] audit: initializing netlink subsys (disabled)
[    0.288143] audit: type=2000 audit(1644186903.110:1): state=initialized audit_enabled=0 res=1
[    0.292027] cpuidle: using governor ladder
[    0.294377] cpuidle: using governor menu
[    0.296122] ACPI: bus type PCI registered
[    0.297976] acpiphp: ACPI Hot Plug PCI Controller Driver version: 0.5
[    0.300212] PCI: Using configuration type 1 for base access
[    0.308068] HugeTLB registered 2.00 MiB page size, pre-allocated 0 pages
[    0.312141] ACPI: Added _OSI(Module Device)
[    0.314172] ACPI: Added _OSI(Processor Device)
[    0.316019] ACPI: Added _OSI(3.0 _SCP Extensions)
[    0.320017] ACPI: Added _OSI(Processor Aggregator Device)
[    0.322592] ACPI: Added _OSI(Linux-Dell-Video)
[    0.324005] ACPI: Added _OSI(Linux-Lenovo-NV-HDMI-Audio)
[    0.328005] ACPI: Added _OSI(Linux-HPI-Hybrid-Graphics)
[    0.331337] ACPI: Executed 1 blocks of module-level executable AML code
[    0.340795] ACPI: Interpreter enabled
[    0.344027] ACPI: (supports S0 S5)
[    0.345839] ACPI: Using IOAPIC for interrupt routing
[    0.348499] PCI: Using host bridge windows from ACPI; if necessary, use "pci=nocrs" and report a bug
[    0.352315] ACPI: Enabled 2 GPEs in block 00 to 07
[    0.366109] ACPI: PCI Root Bridge [PCI0] (domain 0000 [bus 00-ff])
[    0.368019] acpi PNP0A03:00: _OSC: OS supports [ASPM ClockPM Segments MSI]
[    0.372953] acpi PNP0A03:00: _OSC: not requesting OS control; OS requires [ExtendedConfig ASPM ClockPM MSI]
[    0.376020] acpi PNP0A03:00: fail to add MMCONFIG information, can't access extended PCI configuration space under this bridge.
[    0.384056] PCI host bridge to bus 0000:00
[    0.385954] pci_bus 0000:00: root bus resource [io  0x0000-0x0cf7 window]
[    0.388005] pci_bus 0000:00: root bus resource [io  0x0d00-0xffff window]
[    0.392005] pci_bus 0000:00: root bus resource [mem 0x000a0000-0x000bffff window]
[    0.395288] pci_bus 0000:00: root bus resource [mem 0xe0000000-0xfdffffff window]
[    0.396006] pci_bus 0000:00: root bus resource [bus 00-ff]
[    0.405845] pci 0000:00:01.1: legacy IDE quirk: reg 0x10: [io  0x01f0-0x01f7]
[    0.408014] pci 0000:00:01.1: legacy IDE quirk: reg 0x14: [io  0x03f6]
[    0.412005] pci 0000:00:01.1: legacy IDE quirk: reg 0x18: [io  0x0170-0x0177]
[    0.416004] pci 0000:00:01.1: legacy IDE quirk: reg 0x1c: [io  0x0376]
[    0.513808] pci 0000:00:07.0: quirk: [io  0x4000-0x403f] claimed by PIIX4 ACPI
[    0.516027] pci 0000:00:07.0: quirk: [io  0x4100-0x410f] claimed by PIIX4 SMB
[    0.553515] ACPI: PCI Interrupt Link [LNKA] (IRQs 5 9 10 *11)
[    0.556667] ACPI: PCI Interrupt Link [LNKB] (IRQs 5 9 *10 11)
[    0.560297] ACPI: PCI Interrupt Link [LNKC] (IRQs 5 *9 10 11)
[    0.564112] ACPI: PCI Interrupt Link [LNKD] (IRQs 5 9 10 *11)
[    0.568130] SCSI subsystem initialized
[    0.569945] pci 0000:00:02.0: vgaarb: setting as boot VGA device
[    0.570654] pci 0000:00:02.0: vgaarb: VGA device added: decodes=io+mem,owns=io+mem,locks=none
[    0.572012] pci 0000:00:02.0: vgaarb: bridge control possible
[    0.576006] vgaarb: loaded
[    0.577418] ACPI: bus type USB registered
[    0.579393] usbcore: registered new interface driver usbfs
[    0.580037] usbcore: registered new interface driver hub
[    0.584024] usbcore: registered new device driver usb
[    0.586357] EDAC MC: Ver: 3.0.0
[    0.588429] PCI: Using ACPI for IRQ routing
[    0.590517] NetLabel: Initializing
[    0.592004] NetLabel:  domain hash size = 128
[    0.596003] NetLabel:  protocols = UNLABELED CIPSOv4 CALIPSO
[    0.598459] NetLabel:  unlabeled traffic allowed by default
[    0.613106] clocksource: Switched to clocksource kvm-clock
[    0.632109] VFS: Disk quotas dquot_6.6.0
[    0.636705] VFS: Dquot-cache hash table entries: 512 (order 0, 4096 bytes)
[    0.639818] AppArmor: AppArmor Filesystem Enabled
[    0.641994] pnp: PnP ACPI init
[    0.645245] pnp: PnP ACPI: found 3 devices
[    0.659486] clocksource: acpi_pm: mask: 0xffffff max_cycles: 0xffffff, max_idle_ns: 2085701024 ns
[    0.663474] NET: Registered protocol family 2
[    0.665673] IP idents hash table entries: 65536 (order: 7, 524288 bytes)
[    0.669312] TCP established hash table entries: 32768 (order: 6, 262144 bytes)
[    0.673588] TCP bind hash table entries: 32768 (order: 7, 524288 bytes)
[    0.676453] TCP: Hash tables configured (established 32768 bind 32768)
[    0.679607] UDP hash table entries: 2048 (order: 4, 65536 bytes)
[    0.682278] UDP-Lite hash table entries: 2048 (order: 4, 65536 bytes)
[    0.685137] NET: Registered protocol family 1
[    0.687103] pci 0000:00:00.0: Limiting direct PCI/PCI transfers
[    0.689746] pci 0000:00:01.0: Activating ISA DMA hang workarounds
[    0.692458] pci 0000:00:02.0: Video device with shadowed ROM at [mem 0x000c0000-0x000dffff]
[    0.696214] Unpacking initramfs...
[    1.041865] Freeing initrd memory: 19524K
[    1.043967] PCI-DMA: Using software bounce buffering for IO (SWIOTLB)
[    1.046818] software IO TLB: mapped [mem 0xdbff0000-0xdfff0000] (64MB)
[    1.049774] clocksource: tsc: mask: 0xffffffffffffffff max_cycles: 0x1607e2c6dd2, max_idle_ns: 440795204565 ns
[    1.054130] platform rtc_cmos: registered platform RTC device (no PNP device found)
[    1.057564] Scanning for low memory corruption every 60 seconds
[    1.061049] Initialise system trusted keyrings
[    1.063059] Key type blacklist registered
[    1.064982] workingset: timestamp_bits=36 max_order=20 bucket_order=0
[    1.069024] zbud: loaded
[    1.070965] squashfs: version 4.0 (2009/01/31) Phillip Lougher
[    1.073850] fuse init (API version 7.26)
[    1.081370] Key type asymmetric registered
[    1.083319] Asymmetric key parser 'x509' registered
[    1.085725] Block layer SCSI generic (bsg) driver version 0.4 loaded (major 246)
[    1.089229] io scheduler noop registered
[    1.091033] io scheduler deadline registered
[    1.093077] io scheduler cfq registered (default)
[    1.095842] ACPI: AC Adapter [AC] (on-line)
[    1.097910] input: Power Button as /devices/LNXSYSTM:00/LNXPWRBN:00/input/input0
[    1.101233] ACPI: Power Button [PWRF]
[    1.104050] input: Sleep Button as /devices/LNXSYSTM:00/LNXSLPBN:00/input/input1
[    1.107343] ACPI: Sleep Button [SLPF]
[    1.109997] Serial: 8250/16550 driver, 32 ports, IRQ sharing enabled
[    1.134999] 00:02: ttyS0 at I/O 0x3f8 (irq = 4, base_baud = 115200) is a 16550A
[    1.143277] Linux agpgart interface v0.103
[    1.148186] loop: module loaded
[    1.150686] scsi host0: ata_piix
[    1.152396] scsi host1: ata_piix
[    1.153930] ata1: PATA max UDMA/33 cmd 0x1f0 ctl 0x3f6 bmdma 0xd000 irq 14
[    1.156897] ata2: PATA max UDMA/33 cmd 0x170 ctl 0x376 bmdma 0xd008 irq 15
[    1.160001] libphy: Fixed MDIO Bus: probed
[    1.162661] tun: Universal TUN/TAP device driver, 1.6
[    1.165039] PPP generic driver version 2.4.2
[    1.167048] ehci_hcd: USB 2.0 'Enhanced' Host Controller (EHCI) Driver
[    1.170007] ehci-pci: EHCI PCI platform driver
[    1.172007] ehci-platform: EHCI generic platform driver
[    1.174580] ohci_hcd: USB 1.1 'Open' Host Controller (OHCI) Driver
[    1.177279] ohci-pci: OHCI PCI platform driver
[    1.179256] ohci-platform: OHCI generic platform driver
[    1.181597] uhci_hcd: USB Universal Host Controller Interface driver
[    1.184494] i8042: PNP: PS/2 Controller [PNP0303:PS2K,PNP0f03:PS2M] at 0x60,0x64 irq 1,12
[    1.189029] serio: i8042 KBD port at 0x60,0x64 irq 1
[    1.191358] serio: i8042 AUX port at 0x60,0x64 irq 12
[    1.193905] mousedev: PS/2 mouse device common for all mice
[    1.197594] input: AT Translated Set 2 keyboard as /devices/platform/i8042/serio0/input/input2
[    1.201407] rtc_cmos rtc_cmos: rtc core: registered rtc_cmos as rtc0
[    1.204277] rtc_cmos rtc_cmos: alarms up to one day, 114 bytes nvram
[    1.206972] i2c /dev entries driver
[    1.208837] device-mapper: uevent: version 1.0.3
[    1.211043] device-mapper: ioctl: 4.37.0-ioctl (2017-09-20) initialised: dm-devel@redhat.com
[    1.215079] ledtrig-cpu: registered to indicate activity on CPUs
[    1.219541] NET: Registered protocol family 10
[    1.229218] Segment Routing with IPv6
[    1.231241] NET: Registered protocol family 17
[    1.233986] Key type dns_resolver registered
[    1.237070] mce: Using 0 MCE banks
[    1.238958] RAS: Correctable Errors collector initialized.
[    1.241981] sched_clock: Marking stable (1241932840, 0)->(1740536639, -498603799)
[    1.250307] registered taskstats version 1
[    1.252263] Loading compiled-in X.509 certificates
[    1.258793] Loaded X.509 cert 'Build time autogenerated kernel key: 51c91b167e8daada285dd448a981da05683ebd03'
[    1.264171] Loaded X.509 cert 'Canonical Ltd. Live Patch Signing: 14df34d1a87cf37625abec039ef2bf521249b969'
[    1.269473] Loaded X.509 cert 'Canonical Ltd. Kernel Module Signing: 88f752e560a1e0737e31163a466ad7b70a850c19'
[    1.274068] blacklist: Loading compiled-in revocation X.509 certificates
[    1.277386] Loaded X.509 cert 'Canonical Ltd. Secure Boot Signing: 61482aa2830d0ab2ad5af10b7250da9033ddcef0'
[    1.281891] zswap: loaded using pool lzo/zbud
[    1.291309] Key type big_key registered
[    1.293553] Key type trusted registered
[    1.299539] Key type encrypted registered
[    1.301806] AppArmor: AppArmor sha1 policy hashing enabled
[    1.304680] ima: No TPM chip found, activating TPM-bypass! (rc=-19)
[    1.307642] ima: Allocated hash algorithm: sha1
[    1.309946] evm: HMAC attrs: 0x1
[    1.311826]   Magic number: 10:788:602
[    1.318302] rtc_cmos rtc_cmos: setting system clock to 2022-02-06 22:34:58 UTC (1644186898)
[    1.322430] BIOS EDD facility v0.16 2004-Jun-25, 0 devices found
[    1.331526] EDD information not available.
[    1.361056] Freeing unused kernel image memory: 2476K
[    1.548705] Write protecting the kernel read-only data: 20480k
[    1.559912] Freeing unused kernel image memory: 2008K
[    1.564727] Freeing unused kernel image memory: 1820K
[    1.577849] x86/mm: Checked W+X mappings: passed, no W+X pages found.
[    1.580980] x86/mm: Checking user space page tables
[    1.593605] x86/mm: Checked W+X mappings: passed, no W+X pages found.
Loading, please wait...
starting version 237
[    1.757725] e1000: Intel(R) PRO/1000 Network Driver - version 7.3.21-k8-NAPI
[    1.763168] e1000: Copyright (c) 1999-2006 Intel Corporation.
[    1.772860] Fusion MPT base driver 3.04.20
[    1.775532] Copyright (c) 1999-2008 LSI Corporation
[    1.788357] Fusion MPT SPI Host driver 3.04.20
[    1.838737] SSE version of gcm_enc/dec engaged.
[    2.008864] input: ImExPS/2 Generic Explorer Mouse as /devices/platform/i8042/serio1/input/input4
[    2.380051] e1000 0000:00:03.0 eth0: (PCI:33MHz:32-bit) 02:e8:64:37:14:18
[    2.383130] e1000 0000:00:03.0 eth0: Intel(R) PRO/1000 Network Connection
[    2.387924] mptbase: ioc0: Initiating bringup
[    2.388935] e1000 0000:00:03.0 enp0s3: renamed from eth0
[    3.113867] ioc0: LSI53C1030 A0: Capabilities={Initiator}
[    4.666127] scsi host2: ioc0: LSI53C1030 A0, FwRev=00000000h, Ports=1, MaxQ=256, IRQ=20
[    6.073169] scsi 2:0:0:0: Direct-Access     VBOX     HARDDISK         1.0  PQ: 0 ANSI: 5
[    6.116079] scsi target2:0:0: Beginning Domain Validation
[    6.128507] scsi target2:0:0: Domain Validation skipping write tests
[    6.132127] scsi target2:0:0: Ending Domain Validation
[    6.134647] scsi target2:0:0: asynchronous
[    6.137379] scsi 2:0:1:0: Direct-Access     VBOX     HARDDISK         1.0  PQ: 0 ANSI: 5
[    6.168094] scsi target2:0:1: Beginning Domain Validation
[    6.173747] random: fast init done
[    6.183076] scsi target2:0:1: Domain Validation skipping write tests
[    6.186131] scsi target2:0:1: Ending Domain Validation
[    6.188546] scsi target2:0:1: asynchronous
[    6.196909] random: systemd-udevd: uninitialized urandom read (16 bytes read)
[    6.197067] sd 2:0:0:0: Attached scsi generic sg0 type 0
[    6.197358] sd 2:0:0:0: [sda] 83886080 512-byte logical blocks: (42.9 GB/40.0 GiB)
[    6.197439] sd 2:0:0:0: [sda] Write Protect is off
[    6.197600] sd 2:0:0:0: [sda] Incomplete mode parameter data
[    6.197601] sd 2:0:0:0: [sda] Assuming drive cache: write through
[    6.199093]  sda: sda1
[    6.199904] sd 2:0:0:0: [sda] Attached SCSI disk
[    6.213812] random: systemd-udevd: uninitialized urandom read (16 bytes read)
[    6.216908] sd 2:0:1:0: Attached scsi generic sg1 type 0
[    6.226598] random: systemd-udevd: uninitialized urandom read (16 bytes read)
[    6.229369] sd 2:0:1:0: [sdb] 20480 512-byte logical blocks: (10.5 MB/10.0 MiB)
[    6.250467] sd 2:0:1:0: [sdb] Write Protect is off
[    6.252796] sd 2:0:1:0: [sdb] Incomplete mode parameter data
[    6.255339] sd 2:0:1:0: [sdb] Assuming drive cache: write through
[    6.262312] sd 2:0:1:0: [sdb] Attached SCSI disk
Begin: Loading essential drivers ... [    8.624053] raid6: sse2x1   gen()  6196 MB/s
[    8.672052] raid6: sse2x1   xor()  4011 MB/s
[    8.720069] raid6: sse2x2   gen()  7374 MB/s
[    8.768050] raid6: sse2x2   xor()  4670 MB/s
[    8.820631] raid6: sse2x4   gen()  9122 MB/s
[    8.868059] raid6: sse2x4   xor()  2645 MB/s
[    8.870070] raid6: using algorithm sse2x4 gen() 9122 MB/s
[    8.872545] raid6: .... xor() 2645 MB/s, rmw enabled
[    8.874746] raid6: using ssse3x2 recovery algorithm
[    8.880001] xor: measuring software checksum speed
[    8.920050]    prefetch64-sse: 10209.000 MB/sec
[    8.960037]    generic_sse:  9096.000 MB/sec
[    8.961994] xor: using function: prefetch64-sse (10209.000 MB/sec)
[    8.966785] async_tx: api initialized (async)
done.
Begin: Running /scripts/init-premount ... done.
Begin: Mounting root file system ... Begin: Running /scripts/local-top ... done.
Begin: Running /scripts/local-premount ... [    9.056812] Btrfs loaded, crc32c=crc32c-intel
Scanning for Btrfs filesystems
done.
Warning: fsck not present, so skipping root file system
[    9.129064] EXT4-fs (sda1): mounted filesystem with ordered data mode. Opts: (null)
done.
Begin: Running /scripts/local-bottom ... done.
Begin: Running /scripts/init-bottom ... done.
[    9.591156] ip_tables: (C) 2000-2006 Netfilter Core Team
[    9.619356] systemd[1]: systemd 237 running in system mode. (+PAM +AUDIT +SELINUX +IMA +APPARMOR +SMACK +SYSVINIT +UTMP +LIBCRYPTSETUP +GCRYPT +GNUTLS +ACL +XZ +LZ4 +SECCOMP +BLKID +ELFUTILS +KMOD -IDN2 +IDN -PCRE2 default-hierarchy=hybrid)
[    9.631519] systemd[1]: Detected virtualization oracle.
[    9.634493] systemd[1]: Detected architecture x86-64.

Welcome to [1mUbuntu 18.04.6 LTS[0m!

[    9.659461] systemd[1]: Set hostname to <ubuntu>.
[    9.667480] systemd[1]: Initializing machine ID from random generator.
[    9.670489] systemd[1]: Installed transient /etc/machine-id file.
[   10.447857] systemd[1]: Started Forward Password Requests to Wall Directory Watch.
[[0;32m  OK  [0m] Started Forward Password Requests to Wall Directory Watch.
[   10.457251] systemd[1]: Reached target System Time Synchronized.
[[0;32m  OK  [0m] Reached target System Time Synchronized.
[   10.467829] systemd[1]: Created slice System Slice.
[[0;32m  OK  [0m] Created slice System Slice.
[   10.471865] systemd[1]: Listening on udev Kernel Socket.
[[0;32m  OK  [0m] Listening on udev Kernel Socket.
[[0;32m  OK  [0m] Listening on Syslog Socket.
[[0;32m  OK  [0m] Created slice system-serial\x2dgetty.slice.
[[0;32m  OK  [0m] Listening on udev Control Socket.
[[0;32m  OK  [0m] Listening on Journal Socket.
         Starting Set the console keyboard layout...
         Starting Uncomplicated firewall...
         Mounting Kernel Debug File System...
         Starting udev Coldplug all Devices...
         Mounting POSIX Message Queue File System...
         Starting Load Kernel Modules...
[[0;32m  OK  [0m] Listening on Journal Socket (/dev/log).
[[0;32m  OK  [0m] Set up automount Arbitrary Executab…rmats File System Automount Point.
[[0;32m  OK  [0m] Reached target User and Group Name Lookups.
         Starting Create list of required st…ce nodes for the current kernel...
[[0;32m  OK  [0m] Listening on Device-mapper event daemon FIFOs.
[[0;32m  OK  [0m] Listening on /dev/initctl Compatibility Named Pipe.
[[0;32m  OK  [0m] Reached target Swap.
[[0;32m  OK  [0m] Listening on LVM2 poll daemon socket.
[[0;32m  OK  [0m] Listening on LVM2 metadata daemon socket.
         Starting Monitoring of LVM2 mirrors…ng dmeventd or progress polling...
         Mounting Huge Pages File System...
[[0;32m  OK  [0m] Created slice User and Session Slice.
[[0;32m  OK  [0m] Reached target Slices.
[[0;32m  OK  [0m] Listening on Network Service Netlink Socket.
[[0;32m  OK  [0m] Listening on Journal Audit Socket.
[   10.623611] Loading iSCSI transport class v2.0-870.
         Starting Journal Service...
[[0;32m  OK  [0m] Listening on fsck to fsckd communication Socket.
         Starting File System Check on Root Device...
[[0;32m  OK  [0m] Started Uncomplicated firewall.
[[0;32m  OK  [0m] Mounted Kernel Debug File System.
[[0;32m  OK  [0m] Mounted POSIX Message Queue File System.
[[0;32m  OK  [0m] Started Create list of required sta…vice nodes for the current kernel.
[[0;32m  OK  [0m] Mounted Huge Pages File System.
         Starting Create Static Device Nodes in /dev...
[[0;32m  OK  [0m] Started LVM2 metadata daemon.
[   10.746624] iscsi: registered transport (tcp)
[[0;32m  OK  [0m] Started udev Coldplug all Devices.
[   10.786833] iscsi: registered transport (iser)
[[0;32m  OK  [0m] Started Load Kernel Modules.
         Mounting Kernel Configuration File System...
         Starting Apply Kernel Variables...
         Mounting FUSE Control File System...
[[0;32m  OK  [0m] Mounted Kernel Configuration File System.
[[0;32m  OK  [0m] Started File System Check Daemon to report status.
[[0;32m  OK  [0m] Mounted FUSE Control File System.
[[0;32m  OK  [0m] Started Journal Service.
[[0;32m  OK  [0m] Started File System Check on Root Device.
[[0;32m  OK  [0m] Started Create Static Device Nodes in /dev.
         Starting Remount Root and Kernel File Systems...
[[0;32m  OK  [0m] Started Apply Kernel Variables.
[[0;32m  OK  [0m] Started Remount Root and Kernel File Systems.
         Starting udev Kernel Device Manager...
         Starting Flush Journal to Persistent Storage...
         Starting Load/Save Random Seed...
[[0;32m  OK  [0m] Started Monitoring of LVM2 mirrors,…sing dmeventd or progress polling.
[[0;32m  OK  [0m] Started Load/Save Random Seed.
[[0;32m  OK  [0m] Started Flush Journal to Persistent Storage.
[[0;32m  OK  [0m] Started udev Kernel Device Manager.
[[0;32m  OK  [0m] Found device /dev/ttyS0.
[[0;32m  OK  [0m] Listening on Load/Save RF Kill Switch Status /dev/rfkill Watch.
[[0;32m  OK  [0m] Started Set the console keyboard layout.
[[0;32m  OK  [0m] Started Dispatch Password Requests to Console Directory Watch.
[[0;32m  OK  [0m] Reached target Local Encrypted Volumes.
[[0;32m  OK  [0m] Reached target Local File Systems (Pre).
[[0;32m  OK  [0m] Reached target Local File Systems.
         Starting AppArmor initialization...
         Starting Create Volatile Files and Directories...
         Starting Tell Plymouth To Write Out Runtime Data...
         Starting Commit a transient machine-id on disk...
         Starting ebtables ruleset management...
         Starting Set console font and keymap...
[[0;32m  OK  [0m] Started Tell Plymouth To Write Out Runtime Data.
[[0;32m  OK  [0m] Started Create Volatile Files and Directories.
         Starting Update UTMP about System Boot/Shutdown...
[[0;32m  OK  [0m] Started Set console font and keymap.
[[0;32m  OK  [0m] Started Update UTMP about System Boot/Shutdown.
[[0;32m  OK  [0m] Started Commit a transient machine-id on disk.
[[0;32m  OK  [0m] Started ebtables ruleset management.
[[0;32m  OK  [0m] Started AppArmor initialization.
         Starting Initial cloud-init job (pre-networking)...
         Starting Load AppArmor profiles managed internally by snapd...
[[0;32m  OK  [0m] Started Load AppArmor profiles managed internally by snapd.
[   16.212753] cloud-init[650]: Cloud-init v. 21.4-0ubuntu1~18.04.1 running 'init-local' at Sun, 06 Feb 2022 22:35:12 +0000. Up 15.54 seconds.
[[0;32m  OK  [0m] Started Initial cloud-init job (pre-networking).
[[0;32m  OK  [0m] Reached target Network (Pre).
         Starting Network Service...
[[0;32m  OK  [0m] Started Network Service.
         Starting Network Name Resolution...
         Starting Wait for Network to be Configured...
[[0;32m  OK  [0m] Started Network Name Resolution.
[[0;32m  OK  [0m] Reached target Host and Network Name Lookups.
[[0;32m  OK  [0m] Reached target Network.
[[0;32m  OK  [0m] Started Wait for Network to be Configured.
         Starting Initial cloud-init job (metadata service crawler)...
[   19.612588] cloud-init[786]: Cloud-init v. 21.4-0ubuntu1~18.04.1 running 'init' at Sun, 06 Feb 2022 22:35:16 +0000. Up 19.36 seconds.
[   19.615810] cloud-init[786]: ci-info: ++++++++++++++++++++++++++++++++++++++Net device info++++++++++++++++++++++++++++++++++++++
[   19.618685] cloud-init[786]: ci-info: +--------+------+----------------------------+---------------+--------+-------------------+
[   19.622376] cloud-init[786]: ci-info: | Device |  Up  |          Address           |      Mask     | Scope  |     Hw-Address    |
[   19.626252] cloud-init[786]: ci-info: +--------+------+----------------------------+---------------+--------+-------------------+
[   19.630508] cloud-init[786]: ci-info: | enp0s3 | True |         10.0.2.15          | 255.255.255.0 | global | 02:e8:64:37:14:18 |
[   19.637158] cloud-init[786]: ci-info: | enp0s3 | True | fe80::e8:64ff:fe37:1418/64 |       .       |  link  | 02:e8:64:37:14:18 |
[   19.641283] cloud-init[786]: ci-info: |   lo   | True |         127.0.0.1          |   255.0.0.0   |  host  |         .         |
[   19.644453] cloud-init[786]: ci-info: |   lo   | True |          ::1/128           |       .       |  host  |         .         |
[   19.647809] cloud-init[786]: ci-info: +--------+------+----------------------------+---------------+--------+-------------------+
[   19.651970] cloud-init[786]: ci-info: ++++++++++++++++++++++++++++Route IPv4 info+++++++++++++++++++++++++++++
[   19.654855] cloud-init[786]: ci-info: +-------+-------------+----------+-----------------+-----------+-------+
[   19.665615] cloud-init[786]: ci-info: | Route | Destination | Gateway  |     Genmask     | Interface | Flags |
[   19.671233] cloud-init[786]: ci-info: +-------+-------------+----------+-----------------+-----------+-------+
[   19.675118] cloud-init[786]: ci-info: |   0   |   0.0.0.0   | 10.0.2.2 |     0.0.0.0     |   enp0s3  |   UG  |
[   19.678082] cloud-init[786]: ci-info: |   1   |   10.0.2.0  | 0.0.0.0  |  255.255.255.0  |   enp0s3  |   U   |
[   19.679933] cloud-init[786]: ci-info: |   2   |   10.0.2.2  | 0.0.0.0  | 255.255.255.255 |   enp0s3  |   UH  |
[   19.692332] cloud-init[786]: ci-info: +-------+-------------+----------+-----------------+-----------+-------+
[   19.700776] cloud-init[786]: ci-info: +++++++++++++++++++Route IPv6 info+++++++++++++++++++
[   19.703334] cloud-init[786]: ci-info: +-------+-------------+---------+-----------+-------+
[   19.705994] cloud-init[786]: ci-info: | Route | Destination | Gateway | Interface | Flags |
[   19.708499] cloud-init[786]: ci-info: +-------+-------------+---------+-----------+-------+
[   19.711015] cloud-init[786]: ci-info: |   1   |  fe80::/64  |    ::   |   enp0s3  |   U   |
[   19.713718] cloud-init[786]: ci-info: |   3   |    local    |    ::   |   enp0s3  |   U   |
[   19.732777] cloud-init[786]: ci-info: |   4   |   ff00::/8  |    ::   |   enp0s3  |   U   |
[   19.744358] cloud-init[786]: ci-info: +-------+-------------+---------+-----------+-------+
[   21.321381] cloud-init[786]: Generating public/private rsa key pair.
[   21.325256] cloud-init[786]: Your identification has been saved in /etc/ssh/ssh_host_rsa_key.
[   21.327151] cloud-init[786]: Your public key has been saved in /etc/ssh/ssh_host_rsa_key.pub.
[   21.329269] cloud-init[786]: The key fingerprint is:
[   21.330500] cloud-init[786]: SHA256:WQm/7ga6LIUvLDnNpVedap+IKmUIp4kJRA7Sw6/gwzE root@ubuntu-bionic
[   21.336267] cloud-init[786]: The key's randomart image is:
[   21.338273] cloud-init[786]: +---[RSA 2048]----+
[   21.339846] cloud-init[786]: |++      .        |
[   21.341344] cloud-init[786]: |+.+      o .     |
[   21.342826] cloud-init[786]: |.. o      +      |
[   21.344200] cloud-init[786]: |+E. .    o .     |
[   21.345552] cloud-init[786]: |=Boo .  S...     |
[   21.347071] cloud-init[786]: |=+o + o o.o      |
[   21.348632] cloud-init[786]: |  .B = o o.      |
[   21.351403] cloud-init[786]: |  = B.+.oo..     |
[   21.352758] cloud-init[786]: |   +.=+o.o+      |
[   21.355713] cloud-init[786]: +----[SHA256]-----+
[   21.357788] cloud-init[786]: Generating public/private dsa key pair.
[   21.359438] cloud-init[786]: Your identification has been saved in /etc/ssh/ssh_host_dsa_key.
[   21.362887] cloud-init[786]: Your public key has been saved in /etc/ssh/ssh_host_dsa_key.pub.
[   21.384699] cloud-init[786]: The key fingerprint is:
[   21.392290] cloud-init[786]: SHA256:olhnnatM9W2BEIQ9nGhZ9R6K90pZjZbC4QWcJ5LdVYw root@ubuntu-bionic
[   21.403945] cloud-init[786]: The key's randomart image is:
[   21.407151] cloud-init[786]: +---[DSA 1024]----+
[   21.409157] cloud-init[786]: |       O+*oo ..+.|
[   21.417641] cloud-init[786]: |      = B.=oo E .|
[   21.422796] cloud-init[786]: |     .  .o.o+    |
[   21.425601] cloud-init[786]: |       . * * =   |
[   21.428755] cloud-init[786]: |    . + S B B .  |
[   21.432865] cloud-init[786]: |   o + o + B .   |
[   21.436704] cloud-init[786]: |  . . . . + +    |
[   21.439802] cloud-init[786]: |     o . . o     |
[   21.443153] cloud-init[786]: |      o   .      |
[   21.445741] cloud-init[786]: +----[SHA256]-----+
[   21.447550] cloud-init[786]: Generating public/private ecdsa key pair.
[   21.458173] cloud-init[786]: Your identification has been saved in /etc/ssh/ssh_host_ecdsa_key.
[   21.463453] cloud-init[786]: Your public key has been saved in /etc/ssh/ssh_host_ecdsa_key.pub.
[[0;32m  OK  [0m[   21.472719] cloud-init[786]: The key fingerprint is:
[   21.473236] cloud-init[786]: SHA256:IeNg1SQTtOdd5kjoWGIPygJMxmtKDg/rciwlVisu2P0 root@ubuntu-bionic
[   21.473757] cloud-init[786]: The key's randomart image is:
] Started Initial cloud-init job (metadata service crawler).
[   21.474310] cloud-init[786]: +---[ECDSA 256]---+
[   21.479846] cloud-init[786]: |.o   .*+.        |
[   21.481313] cloud-init[786]: |+.   . +..       |
[[   21.482619] cloud-init[786]: |... o B = . o    |
[   21.482915] cloud-init[786]: |o= + = % + =     |
[   21.483705] cloud-init[786]: |*+o + o S o .    |
[   21.485138] cloud-init[786]: |++oo             |
[   21.486163] cloud-init[786]: |==..             |
[   21.487003] cloud-init[786]: |=o+ .            |
[   21.487127] cloud-init[786]: |oo   .E          |
[   21.488864] cloud-init[786]: +----[SHA256]-----+
[0;32m  OK  [0m] Reached target System Initialization.
[   21.492862] cloud-init[786]: Generating public/private ed25519 key pair.
[[0;32m  OK  [0m] Started Ubuntu Advantage Timer for running repeated jobs.
[   21.494991] cloud-init[786]: Your identification has been saved in /etc/ssh/ssh_host_ed25519_key.
[   21.501344] cloud-init[786]: Your public key has been saved in /etc/ssh/ssh_host_ed25519_key.pub.
[[0;32m  OK  [0m[   21.504383] cloud-init[786]: The key fingerprint is:
[   21.505766] cloud-init[786]: SHA256:ophJ6mc371/bvbTk7pEDCPwHOiFRG/nRKVIJAEGAqc8 root@ubuntu-bionic
[   21.506114] cloud-init[786]: The key's randomart image is:
[   21.506912] cloud-init[786]: +--[ED25519 256]--+
] Started Trigger to poll for Ubuntu …(Only enabled on GCP LTS non-pro).
[   21.507751] cloud-init[786]: |  o.o+ooo++.o .  |
[   21.513749] cloud-init[786]: | o      ooo+ o   |
[   21.514574] cloud-init[786]: |.      . =o.o    |
[[0;32m  OK  [0m] Started Message of the Day.
[   21.515336] cloud-init[786]: |.       . =.o    |
[   21.520356] cloud-init[786]: | o.   . So o o   |
[   21.522420] cloud-init[786]: | oE+ . .  . . . .|
[   21.524248] cloud-init[786]: |. + .      .   * |
[   21.526436] cloud-init[786]: |.  o o    . o = +|
[   21.528479] cloud-init[786]: | .o . +o.. . .oB.|
[   21.544556] cloud-init[786]: +----[SHA256]-----+
         Starting LXD - unix socket.
[[0;32m  OK  [0m] Started ACPI Events Check.
[[0;32m  OK  [0m] Reached target Paths.
[[0;32m  OK  [0m] Started Daily apt download activities.
[[0;32m  OK  [0m] Listening on ACPID Listen Socket.
         Starting Socket activation for snappy daemon.
[[0;32m  OK  [0m] Started Discard unused blocks once a week.
[[0;32m  OK  [0m] Listening on Open-iSCSI iscsid Socket.
[[0;32m  OK  [0m] Listening on D-Bus System Message Bus Socket.
[[0;32m  OK  [0m] Listening on UUID daemon activation socket.
[[0;32m  OK  [0m] Started Daily apt upgrade and clean activities.
[[0;32m  OK  [0m] Listening on cloud-init hotplug hook socket.
[[0;32m  OK  [0m] Started Daily Cleanup of Temporary Directories.
[[0;32m  OK  [0m] Reached target Timers.
[[0;32m  OK  [0m] Reached target Network is Online.
         Starting Availability of block devices...
[[0;32m  OK  [0m] Reached target Remote File Systems (Pre).
[[0;32m  OK  [0m] Reached target Remote File Systems.
[[0;32m  OK  [0m] Reached target Cloud-config availability.
[[0;32m  OK  [0m] Listening on LXD - unix socket.
[[0;32m  OK  [0m] Listening on Socket activation for snappy daemon.
[[0;32m  OK  [0m] Started Availability of block devices.
[[0;32m  OK  [0m] Reached target Sockets.
[[0;32m  OK  [0m] Reached target Basic System.
[[0;32m  OK  [0m] Started D-Bus System Message Bus.
         Starting LSB: automatic crash report generation...
[[0;32m  OK  [0m] Started irqbalance daemon.
         Starting Permit User Sessions...
         Starting Dispatcher daemon for systemd-networkd...
         Starting LXD - container startup/shutdown...
         Starting Pollinate to seed the pseudo random number generator...
[[0;32m  OK  [0m] Started Regular background program processing daemon.
         Starting LSB: Record successful boot for GRUB...
         Starting Virtualbox guest utils...
         Starting Snap Daemon...
         Starting Accounts Service...
[[0;32m  OK  [0m] Started FUSE filesystem for LXC.
         Starting Login Service...
         Starting System Logging Service...
[[0;32m  OK  [0m] Started Deferred execution scheduler.
[[0;32m  OK  [0m] Started Permit User Sessions.
         Starting Hold until boot process finishes up...
         Starting Terminate Plymouth Boot Screen...
[[0;32m  OK  [0m] Started Hold until boot process finishes up.
[[0;32m  OK  [0m] Started Serial Getty on ttyS0.
         Starting Set console scheme...
[[0;32m  OK  [0m] Started Terminate Plymouth Boot Screen.
[[0;32m  OK  [0m] Started Dispatcher daemon for systemd-networkd.
[[0;32m  OK  [0m] Started System Logging Service.
[[0;32m  OK  [0m] Started Login Service.
[[0;32m  OK  [0m] Started Unattended Upgrades Shutdown.
[[0;32m  OK  [0m] Started Set console scheme.
[[0;32m  OK  [0m] Created slice system-getty.slice.
[[0;32m  OK  [0m] Started Getty on tty1.
[[0;32m  OK  [0m] Reached target Login Prompts.
[[0;32m  OK  [0m] Started LXD - container startup/shutdown.
[[0;32m  OK  [0m] Started LSB: Record successful boot for GRUB.
[[0;32m  OK  [0m] Started LSB: automatic crash report generation.
         Starting Authorization Manager...
[[0;32m  OK  [0m] Started Authorization Manager.
[[0;32m  OK  [0m] Started Accounts Service.
[[0;32m  OK  [0m] Started Virtualbox guest utils.
[[0;32m  OK  [0m] Started Pollinate to seed the pseudo random number generator.
[[0;32m  OK  [0m] Started Snap Daemon.
         Starting Wait until snapd is fully seeded...
         Starting OpenBSD Secure Shell server...
[[0;32m  OK  [0m] Started OpenBSD Secure Shell server.
[[0;32m  OK  [0m] Created slice User Slice of vagrant.
         Starting User Manager for UID 1000...
[[0;32m  OK  [0m] Started Session 1 of user vagrant.
[[0;32m  OK  [0m] Started User Manager for UID 1000.
[[0;32m  OK  [0m] Started Wait until snapd is fully seeded.
         Starting Apply the settings specified in cloud-config...
[[0;32m  OK  [0m] Reached target Multi-User System.
[[0;32m  OK  [0m] Reached target Graphical Interface.
         Starting Update UTMP about System Runlevel Changes...
[[0;32m  OK  [0m] Started Update UTMP about System Runlevel Changes.
[   27.548428] cloud-init[1379]: Cloud-init v. 21.4-0ubuntu1~18.04.1 running 'modules:config' at Sun, 06 Feb 2022 22:35:22 +0000. Up 25.59 seconds.

Ubuntu 18.04.6 LTS ubuntu-bionic ttyS0

ubuntu-bionic login: ci-info: no authorized SSH keys fingerprints found for user ubuntu.
<14>Feb  6 22:35:25 cloud-init: #############################################################
<14>Feb  6 22:35:25 cloud-init: -----BEGIN SSH HOST KEY FINGERPRINTS-----
<14>Feb  6 22:35:25 cloud-init: 1024 SHA256:olhnnatM9W2BEIQ9nGhZ9R6K90pZjZbC4QWcJ5LdVYw root@ubuntu-bionic (DSA)
<14>Feb  6 22:35:25 cloud-init: 256 SHA256:IeNg1SQTtOdd5kjoWGIPygJMxmtKDg/rciwlVisu2P0 root@ubuntu-bionic (ECDSA)
<14>Feb  6 22:35:25 cloud-init: 256 SHA256:ophJ6mc371/bvbTk7pEDCPwHOiFRG/nRKVIJAEGAqc8 root@ubuntu-bionic (ED25519)
<14>Feb  6 22:35:25 cloud-init: 2048 SHA256:WQm/7ga6LIUvLDnNpVedap+IKmUIp4kJRA7Sw6/gwzE root@ubuntu-bionic (RSA)
<14>Feb  6 22:35:25 cloud-init: -----END SSH HOST KEY FINGERPRINTS-----
<14>Feb  6 22:35:25 cloud-init: #############################################################
-----BEGIN SSH HOST KEY KEYS-----
ecdsa-sha2-nistp256 AAAAE2VjZHNhLXNoYTItbmlzdHAyNTYAAAAIbmlzdHAyNTYAAABBBBHXAg0SUByD+RUnZ629aV/hStoHCIUAUbLQd8ntxhjI6yNBwaXAE+NA4DQ3CMx8mZjfd+49pRNmp3dyLNmzEXc= root@ubuntu-bionic
ssh-ed25519 AAAAC3NzaC1lZDI1NTE5AAAAIPMQ9kvn96367brLRX4j9cfQjOmlE4GRClUaeVvZ2/LW root@ubuntu-bionic
ssh-rsa AAAAB3NzaC1yc2EAAAADAQABAAABAQDDEakS/mTmzL/GRaG4wFv9/OYf5dc06cB3+WrGbRdh3oojae/B1+n2+Lp076qgKqS8a9kYgSywhoF6OlLE+CiM7j4iM9iL5M3Yhv+pYT+L4rCCG6MISfknAm6RNCimWFZGOygVzLreRTQPg7hP8BhFlBlqahJvPQHWlWVoLu0VlvMzeI5dpvShQYV0H43j524yLPIcO7akI/Gexbspzhikg7lk/eiQQ7pW5h7H6Pd7Pxu3++gUkRlMD60NS65+37kgbeQi7Jq+u7oPB+jznkLcYMyj6uCJvZ8/rLJIMdkytqcFyGyUpZhCmjcn4haacmhX9PMNik52Z4ejmBKVHUCD root@ubuntu-bionic
-----END SSH HOST KEY KEYS-----
[   28.819810] cloud-init[1526]: Cloud-init v. 21.4-0ubuntu1~18.04.1 running 'modules:final' at Sun, 06 Feb 2022 22:35:25 +0000. Up 28.49 seconds.
[   28.819984] cloud-init[1526]: ci-info: no authorized SSH keys fingerprints found for user ubuntu.
[   28.820283] cloud-init[1526]: Cloud-init v. 21.4-0ubuntu1~18.04.1 finished at Sun, 06 Feb 2022 22:35:25 +0000. Datasource DataSourceNoCloud [seed=/dev/sdb][dsmode=net].  Up 28.80 seconds
[ 4040.079391] Out of memory: Kill process 1032 (bundle) score 50 or sacrifice child
[ 4040.084928] Killed process 2993 (node) total-vm:386552kB, anon-rss:173636kB, file-rss:0kB, shmem-rss:0kB
